Using pre-set license
Built from '2021.3/release' branch; Version is '2021.3.12f1 (8af3c3e441b1) revision 9106371'; Using compiler version '192829333'; Build Type 'Release'
OS: 'Windows 10  (10.0.19044) 64bit Professional' Language: 'es' Physical Memory: 32711 MB
BatchMode: 1, IsHumanControllingUs: 0, StartBugReporterOnCrash: 0, Is64bit: 1, IsPro: 1

COMMAND LINE ARGUMENTS:
C:\Program Files\Unity\Hub\Editor\2021.3.12f1\Editor\Unity.exe
-adb2
-batchMode
-noUpm
-name
AssetImportWorker0
-projectPath
D:/ALVARO/Unity/Granja/Granja
-logFile
Logs/AssetImportWorker0.log
-srvPort
54504
Successfully changed project path to: D:/ALVARO/Unity/Granja/Granja
D:/ALVARO/Unity/Granja/Granja
[UnityMemory] Configuration Parameters - Can be set up in boot.config
    "memorysetup-bucket-allocator-granularity=16"
    "memorysetup-bucket-allocator-bucket-count=8"
    "memorysetup-bucket-allocator-block-size=33554432"
    "memorysetup-bucket-allocator-block-count=8"
    "memorysetup-main-allocator-block-size=16777216"
    "memorysetup-thread-allocator-block-size=16777216"
    "memorysetup-gfx-main-allocator-block-size=16777216"
    "memorysetup-gfx-thread-allocator-block-size=16777216"
    "memorysetup-cache-allocator-block-size=4194304"
    "memorysetup-typetree-allocator-block-size=2097152"
    "memorysetup-profiler-bucket-allocator-granularity=16"
    "memorysetup-profiler-bucket-allocator-bucket-count=8"
    "memorysetup-profiler-bucket-allocator-block-size=33554432"
    "memorysetup-profiler-bucket-allocator-block-count=8"
    "memorysetup-profiler-allocator-block-size=16777216"
    "memorysetup-profiler-editor-allocator-block-size=1048576"
    "memorysetup-temp-allocator-size-main=16777216"
    "memorysetup-job-temp-allocator-block-size=2097152"
    "memorysetup-job-temp-allocator-block-size-background=1048576"
    "memorysetup-job-temp-allocator-reduction-small-platforms=262144"
    "memorysetup-temp-allocator-size-background-worker=32768"
    "memorysetup-temp-allocator-size-job-worker=262144"
    "memorysetup-temp-allocator-size-preload-manager=33554432"
    "memorysetup-temp-allocator-size-nav-mesh-worker=65536"
    "memorysetup-temp-allocator-size-audio-worker=65536"
    "memorysetup-temp-allocator-size-cloud-worker=32768"
    "memorysetup-temp-allocator-size-gi-baking-worker=262144"
    "memorysetup-temp-allocator-size-gfx=262144"
Refreshing native plugins compatible for Editor in 92.40 ms, found 3 plugins.
Preloading 0 native plugins for Editor in 0.00 ms.
Initialize engine version: 2021.3.12f1 (8af3c3e441b1)
[Subsystems] Discovering subsystems at path C:/Program Files/Unity/Hub/Editor/2021.3.12f1/Editor/Data/Resources/UnitySubsystems
[Subsystems] Discovering subsystems at path D:/ALVARO/Unity/Granja/Granja/Assets
GfxDevice: creating device client; threaded=0; jobified=0
Direct3D:
    Version:  Direct3D 11.0 [level 11.1]
    Renderer: NVIDIA GeForce GTX 1050 Ti (ID=0x1c82)
    Vendor:   NVIDIA
    VRAM:     4018 MB
    Driver:   27.21.14.5751
Initialize mono
Mono path[0] = 'C:/Program Files/Unity/Hub/Editor/2021.3.12f1/Editor/Data/Managed'
Mono path[1] = 'C:/Program Files/Unity/Hub/Editor/2021.3.12f1/Editor/Data/MonoBleedingEdge/lib/mono/unityjit-win32'
Mono config path = 'C:/Program Files/Unity/Hub/Editor/2021.3.12f1/Editor/Data/MonoBleedingEdge/etc'
Using monoOptions --debugger-agent=transport=dt_socket,embedding=1,server=y,suspend=n,address=127.0.0.1:56868
Begin MonoManager ReloadAssembly
Registering precompiled unity dll's ...
Register platform support module: C:/Program Files/Unity/Hub/Editor/2021.3.12f1/Editor/Data/PlaybackEngines/AndroidPlayer/UnityEditor.Android.Extensions.dll
Register platform support module: C:/Program Files/Unity/Hub/Editor/2021.3.12f1/Editor/Data/PlaybackEngines/WindowsStandaloneSupport/UnityEditor.WindowsStandalone.Extensions.dll
Registered in 0.007943 seconds.
Native extension for WindowsStandalone target not found
Native extension for Android target not found
Refreshing native plugins compatible for Editor in 92.17 ms, found 3 plugins.
Preloading 0 native plugins for Editor in 0.00 ms.
Mono: successfully reloaded assembly
- Completed reload, in  0.654 seconds
Domain Reload Profiling:
	ReloadAssembly (655ms)
		BeginReloadAssembly (73ms)
			ExecutionOrderSort (0ms)
			DisableScriptedObjects (0ms)
			BackupInstance (0ms)
			ReleaseScriptingObjects (0ms)
			CreateAndSetChildDomain (1ms)
		EndReloadAssembly (471ms)
			LoadAssemblies (71ms)
			RebuildTransferFunctionScriptingTraits (0ms)
			SetupTypeCache (103ms)
			ReleaseScriptCaches (0ms)
			RebuildScriptCaches (29ms)
			SetupLoadedEditorAssemblies (291ms)
				LogAssemblyErrors (0ms)
				InitializePlatformSupportModulesInManaged (53ms)
				SetLoadedEditorAssemblies (0ms)
				RefreshPlugins (92ms)
				BeforeProcessingInitializeOnLoad (1ms)
				ProcessInitializeOnLoadAttributes (99ms)
				ProcessInitializeOnLoadMethodAttributes (44ms)
				AfterProcessingInitializeOnLoad (0ms)
				EditorAssembliesLoaded (0ms)
			ExecutionOrderSort2 (0ms)
			AwakeInstancesAfterBackupRestoration (0ms)
Platform modules already initialized, skipping
Registering precompiled user dll's ...
Registered in 0.004163 seconds.
Begin MonoManager ReloadAssembly
Symbol file LoadedFromMemory doesn't match image D:\ALVARO\Unity\Granja\Granja\Library\PackageCache\com.unity.visualscripting@1.7.8\Editor\VisualScripting.Core\Dependencies\YamlDotNet\Unity.VisualScripting.YamlDotNet.dll
Symbol file LoadedFromMemory doesn't match image D:\ALVARO\Unity\Granja\Granja\Library\PackageCache\com.unity.visualscripting@1.7.8\Editor\VisualScripting.Core\Dependencies\DotNetZip\Unity.VisualScripting.IonicZip.dll
Native extension for WindowsStandalone target not found
Native extension for Android target not found
Refreshing native plugins compatible for Editor in 0.62 ms, found 3 plugins.
Preloading 0 native plugins for Editor in 0.00 ms.
Mono: successfully reloaded assembly
- Completed reload, in  1.124 seconds
Domain Reload Profiling:
	ReloadAssembly (1125ms)
		BeginReloadAssembly (223ms)
			ExecutionOrderSort (0ms)
			DisableScriptedObjects (6ms)
			BackupInstance (0ms)
			ReleaseScriptingObjects (0ms)
			CreateAndSetChildDomain (132ms)
		EndReloadAssembly (792ms)
			LoadAssemblies (82ms)
			RebuildTransferFunctionScriptingTraits (0ms)
			SetupTypeCache (255ms)
			ReleaseScriptCaches (1ms)
			RebuildScriptCaches (50ms)
			SetupLoadedEditorAssemblies (371ms)
				LogAssemblyErrors (0ms)
				InitializePlatformSupportModulesInManaged (15ms)
				SetLoadedEditorAssemblies (0ms)
				RefreshPlugins (1ms)
				BeforeProcessingInitializeOnLoad (92ms)
				ProcessInitializeOnLoadAttributes (225ms)
				ProcessInitializeOnLoadMethodAttributes (29ms)
				AfterProcessingInitializeOnLoad (8ms)
				EditorAssembliesLoaded (0ms)
			ExecutionOrderSort2 (0ms)
			AwakeInstancesAfterBackupRestoration (6ms)
Platform modules already initialized, skipping
========================================================================
Worker process is ready to serve import requests
Launched and connected shader compiler UnityShaderCompiler.exe after 0.04 seconds
Refreshing native plugins compatible for Editor in 0.65 ms, found 3 plugins.
Preloading 0 native plugins for Editor in 0.00 ms.
Unloading 3381 Unused Serialized files (Serialized files now loaded: 0)
Unloading 27 unused Assets / (113.4 KB). Loaded Objects now: 3840.
Memory consumption went from 118.5 MB to 118.4 MB.
Total: 3.220500 ms (FindLiveObjects: 0.273800 ms CreateObjectMapping: 0.160700 ms MarkObjects: 2.654700 ms  DeleteObjects: 0.130400 ms)

AssetImportParameters requested are different than current active one (requested -> active):
  custom:video-decoder-ogg-theora: a1e56fd34408186e4bbccfd4996cb3dc -> 
  custom:container-muxer-webm: aa71ff27fc2769a1b78a27578f13a17b -> 
  custom:container-demuxer-webm: 4f35f7cbe854078d1ac9338744f61a02 -> 
  custom:video-encoder-webm-vp8: eb34c28f22e8b96e1ab97ce403110664 -> 
  custom:audio-encoder-webm-vorbis: bf7c407c2cedff20999df2af8eb42d56 -> 
  custom:framework-win-MediaFoundation: 216162199b28c13a410421893ffa2e32 -> 
  custom:container-demuxer-ogg: 62fdf1f143b41e24485cea50d1cbac27 -> 
  custom:video-decoder-webm-vp8: 9c59270c3fd7afecdb556c50c9e8de78 -> 
  custom:audio-decoder-ogg-vorbis: bf7c407c2cedff20999df2af8eb42d56 -> 
========================================================================
Received Import Request.
  Time since last request: 862950.398862 seconds.
  path: Assets/PolygonFarm/Demo/Demo.unity
  artifactKey: Guid(28ac9a59020c6bc459f797acd217859a) Importer(815301076,1909f56bfc062723c751e8b465ee728b)
Start importing Assets/PolygonFarm/Demo/Demo.unity using Guid(28ac9a59020c6bc459f797acd217859a) Importer(815301076,1909f56bfc062723c751e8b465ee728b)  -> (artifact id: 'd2960f8b9b4efd5ff411cd0a0cf131cf') in 0.008842 seconds 
========================================================================
Received Import Request.
  Time since last request: 0.000021 seconds.
  path: Assets/PolygonFarm
  artifactKey: Guid(008b70fd9a253e944b45a2111e98ddeb) Importer(815301076,1909f56bfc062723c751e8b465ee728b)
Start importing Assets/PolygonFarm using Guid(008b70fd9a253e944b45a2111e98ddeb) Importer(815301076,1909f56bfc062723c751e8b465ee728b)  -> (artifact id: 'bf799deb9c38371a6c93429456148d97') in 0.004300 seconds 
========================================================================
Received Import Request.
  Time since last request: 0.000025 seconds.
  path: Assets/PolygonFarm/POLYGON_Farm_PostProfile_v1.asset
  artifactKey: Guid(90c15431dfbe21545b72963050a7c1cd) Importer(815301076,1909f56bfc062723c751e8b465ee728b)
Start importing Assets/PolygonFarm/POLYGON_Farm_PostProfile_v1.asset using Guid(90c15431dfbe21545b72963050a7c1cd) Importer(815301076,1909f56bfc062723c751e8b465ee728b)  -> (artifact id: '2bf167c48b452c2d163556ce34844bd2') in 0.027224 seconds 
========================================================================
Received Import Request.
  Time since last request: 0.000016 seconds.
  path: Assets/PolygonFarm/Demo
  artifactKey: Guid(42cfd0ab81e58bc4086dbef73a13e69a) Importer(815301076,1909f56bfc062723c751e8b465ee728b)
Start importing Assets/PolygonFarm/Demo using Guid(42cfd0ab81e58bc4086dbef73a13e69a) Importer(815301076,1909f56bfc062723c751e8b465ee728b)  -> (artifact id: '8ffdcb5d0a4f2864bbce2547914abada') in 0.004293 seconds 
========================================================================
Received Import Request.
  Time since last request: 64.710488 seconds.
  path: Assets/PolygonFarm/Materials
  artifactKey: Guid(a570621cd02741b4aaf35ea08fc19874) Importer(815301076,1909f56bfc062723c751e8b465ee728b)
Start importing Assets/PolygonFarm/Materials using Guid(a570621cd02741b4aaf35ea08fc19874) Importer(815301076,1909f56bfc062723c751e8b465ee728b)  -> (artifact id: 'b339b5002fb5f61586369765ef31625b') in 0.007909 seconds 
========================================================================
Received Import Request.
  Time since last request: 0.029485 seconds.
  path: Assets/PolygonFarm/Materials/PolygonFarm_01_A.mat
  artifactKey: Guid(fdf18c58b725a2f469593ece1786d307) Importer(815301076,1909f56bfc062723c751e8b465ee728b)
Start importing Assets/PolygonFarm/Materials/PolygonFarm_01_A.mat using Guid(fdf18c58b725a2f469593ece1786d307) Importer(815301076,1909f56bfc062723c751e8b465ee728b)  -> (artifact id: '4b6f110562e8b2f40060dbe2224ab092') in 0.329431 seconds 
========================================================================
Received Import Request.
  Time since last request: 0.000018 seconds.
  path: Assets/PolygonFarm/Materials/PolygonFarm_03_A.mat
  artifactKey: Guid(a366bdc638fe7e54b84cefd5ce0be9cd) Importer(815301076,1909f56bfc062723c751e8b465ee728b)
Start importing Assets/PolygonFarm/Materials/PolygonFarm_03_A.mat using Guid(a366bdc638fe7e54b84cefd5ce0be9cd) Importer(815301076,1909f56bfc062723c751e8b465ee728b)  -> (artifact id: '7c8b56a8cdeff5e7cb20db860bea30c4') in 0.097475 seconds 
========================================================================
Received Import Request.
  Time since last request: 0.000022 seconds.
  path: Assets/PolygonFarm/Materials/PolygonFarm_02_A.mat
  artifactKey: Guid(fcf73fdc6bcbef7458fa48497bdf600a) Importer(815301076,1909f56bfc062723c751e8b465ee728b)
Start importing Assets/PolygonFarm/Materials/PolygonFarm_02_A.mat using Guid(fcf73fdc6bcbef7458fa48497bdf600a) Importer(815301076,1909f56bfc062723c751e8b465ee728b)  -> (artifact id: '1353ac2aa594b91fb1b4473a16a2fe3a') in 0.013238 seconds 
========================================================================
Received Import Request.
  Time since last request: 0.000024 seconds.
  path: Assets/PolygonFarm/Materials/PolygonFarm_04_A.mat
  artifactKey: Guid(d2bc36813fbd80e4a82b18b186f8c475) Importer(815301076,1909f56bfc062723c751e8b465ee728b)
Start importing Assets/PolygonFarm/Materials/PolygonFarm_04_A.mat using Guid(d2bc36813fbd80e4a82b18b186f8c475) Importer(815301076,1909f56bfc062723c751e8b465ee728b)  -> (artifact id: 'b8b6f7199645f606cd25f82ccc99dc55') in 0.013670 seconds 
========================================================================
Received Import Request.
  Time since last request: 15.730611 seconds.
  path: Assets/PolygonFarm/Materials/Alts
  artifactKey: Guid(154fcbea4e88b4948838471c41f0859e) Importer(815301076,1909f56bfc062723c751e8b465ee728b)
Start importing Assets/PolygonFarm/Materials/Alts using Guid(154fcbea4e88b4948838471c41f0859e) Importer(815301076,1909f56bfc062723c751e8b465ee728b)  -> (artifact id: '0b35e02de3e0f775e635a7b5d9425dd4') in 0.005944 seconds 
========================================================================
Received Import Request.
  Time since last request: 0.039342 seconds.
  path: Assets/PolygonFarm/Materials/Alts/PolygonFarm_01_B.mat
  artifactKey: Guid(c32db614be2c60d4ca78417d651331b9) Importer(815301076,1909f56bfc062723c751e8b465ee728b)
Start importing Assets/PolygonFarm/Materials/Alts/PolygonFarm_01_B.mat using Guid(c32db614be2c60d4ca78417d651331b9) Importer(815301076,1909f56bfc062723c751e8b465ee728b)  -> (artifact id: '88a45cf16dbc572a63f9d257fe978d6a') in 0.012926 seconds 
========================================================================
Received Import Request.
  Time since last request: 0.000019 seconds.
  path: Assets/PolygonFarm/Materials/Alts/PolygonFarm_04_C.mat
  artifactKey: Guid(407e31252bfa83c4c8d5d17cda223637) Importer(815301076,1909f56bfc062723c751e8b465ee728b)
Start importing Assets/PolygonFarm/Materials/Alts/PolygonFarm_04_C.mat using Guid(407e31252bfa83c4c8d5d17cda223637) Importer(815301076,1909f56bfc062723c751e8b465ee728b)  -> (artifact id: 'a9caac5aa59fea660008d429a1246aa9') in 0.014449 seconds 
========================================================================
Received Import Request.
  Time since last request: 0.000021 seconds.
  path: Assets/PolygonFarm/Materials/Alts/PolygonFarm_02_C.mat
  artifactKey: Guid(fce3e1dac5c5658469a304bb1d3911f5) Importer(815301076,1909f56bfc062723c751e8b465ee728b)
Start importing Assets/PolygonFarm/Materials/Alts/PolygonFarm_02_C.mat using Guid(fce3e1dac5c5658469a304bb1d3911f5) Importer(815301076,1909f56bfc062723c751e8b465ee728b)  -> (artifact id: 'd1ef4970871803438f59df1990b75ca4') in 0.014886 seconds 
========================================================================
Received Import Request.
  Time since last request: 0.000018 seconds.
  path: Assets/PolygonFarm/Materials/Alts/PolygonFarm_01_C.mat
  artifactKey: Guid(b782a0026f3ce734ca45bd2ed7076f41) Importer(815301076,1909f56bfc062723c751e8b465ee728b)
Start importing Assets/PolygonFarm/Materials/Alts/PolygonFarm_01_C.mat using Guid(b782a0026f3ce734ca45bd2ed7076f41) Importer(815301076,1909f56bfc062723c751e8b465ee728b)  -> (artifact id: '592582983f23890b7b2eedf96fe2b44e') in 0.015703 seconds 
========================================================================
Received Import Request.
  Time since last request: 0.000017 seconds.
  path: Assets/PolygonFarm/Materials/Alts/PolygonFarm_03_B.mat
  artifactKey: Guid(3503af801ab3525419a179b6ea5dc5f6) Importer(815301076,1909f56bfc062723c751e8b465ee728b)
Start importing Assets/PolygonFarm/Materials/Alts/PolygonFarm_03_B.mat using Guid(3503af801ab3525419a179b6ea5dc5f6) Importer(815301076,1909f56bfc062723c751e8b465ee728b)  -> (artifact id: 'fd0d187dbc634ba711becb010e7b96dd') in 0.014462 seconds 
========================================================================
Received Import Request.
  Time since last request: 0.000021 seconds.
  path: Assets/PolygonFarm/Materials/Alts/PolygonFarm_02_B.mat
  artifactKey: Guid(238068fd67f0d3f468362f86083e01a4) Importer(815301076,1909f56bfc062723c751e8b465ee728b)
Start importing Assets/PolygonFarm/Materials/Alts/PolygonFarm_02_B.mat using Guid(238068fd67f0d3f468362f86083e01a4) Importer(815301076,1909f56bfc062723c751e8b465ee728b)  -> (artifact id: '11b5c51f4f4a9812a551b6821e690c86') in 0.014330 seconds 
========================================================================
Received Import Request.
  Time since last request: 0.000026 seconds.
  path: Assets/PolygonFarm/Materials/Alts/PolygonFarm_03_C.mat
  artifactKey: Guid(943bedeade8ffa44fb60a749d8f1a395) Importer(815301076,1909f56bfc062723c751e8b465ee728b)
Start importing Assets/PolygonFarm/Materials/Alts/PolygonFarm_03_C.mat using Guid(943bedeade8ffa44fb60a749d8f1a395) Importer(815301076,1909f56bfc062723c751e8b465ee728b)  -> (artifact id: 'd1677c7f1ab98a4f9a2408d1d4b21888') in 0.013556 seconds 
========================================================================
Received Import Request.
  Time since last request: 0.000017 seconds.
  path: Assets/PolygonFarm/Materials/Alts/PolygonFarm_04_B.mat
  artifactKey: Guid(56a8f0c6c14457f48ab7b691aa942d0d) Importer(815301076,1909f56bfc062723c751e8b465ee728b)
Start importing Assets/PolygonFarm/Materials/Alts/PolygonFarm_04_B.mat using Guid(56a8f0c6c14457f48ab7b691aa942d0d) Importer(815301076,1909f56bfc062723c751e8b465ee728b)  -> (artifact id: '715f56f24070e9528667822b76d98cc7') in 0.019002 seconds 
